<<<<<<< HEAD
<<<<<<< HEAD
<<<<<<< HEAD
<<<<<<< HEAD
<<<<<<< HEAD
<<<<<<< HEAD
DEBUG [06/03/2024 02:14:01 PM] /data1/lichenni/software/anaconda3/envs/astra-sim/bin/chakra_converter --input_type Text --input_filename /data1/lichenni/projects/astra-sim/inputs/workload/ASTRA-sim-1.0/DLRM_HybridParallel.txt --output_filename /data1/lichenni/projects/astra-sim/inputs/workload/trace/DLRM_HybridParallel_p5_c4 --num_npus 4 --num_passes 5 --num_dims 1 --num_concurrency 4
=======
DEBUG [05/21/2024 01:04:45 AM] /data1/lichenni/software/anaconda3/envs/astra-sim/bin/chakra_converter --input_type Text --input_filename /data1/lichenni/projects/astra-sim/inputs/workload/ASTRA-sim-1.0/Resnet50_DataParallel.txt --output_filename /data1/lichenni/projects/astra-sim/inputs/workload/trace/Resnet50_DataParallel --num_npus 8 --num_passes 1 --num_dims 1
>>>>>>> fix bug
=======
DEBUG [05/21/2024 03:33:45 PM] /data1/lichenni/software/anaconda3/envs/astra-sim/bin/chakra_converter --input_type Text --input_filename /data1/lichenni/projects/astra-sim/inputs/workload/ASTRA-sim-1.0/DLRM_HybridParallel.txt --output_filename /data1/lichenni/projects/astra-sim/inputs/workload/trace/DLRM_HybridParallel_p2 --num_npus 8 --num_passes 2 --num_dims 1
>>>>>>> For now, it lacks the functions to parse transformer texts. Additionally, it requires traces from the real run, which are then parsed via the PyTorch converter.
=======
DEBUG [05/22/2024 07:36:17 PM] /data1/lichenni/software/anaconda3/envs/astra-sim/bin/chakra_timeline_visualizer --input_filename /data1/lichenni/projects/astra-sim/res_megatron.csv --output_filename /data1/lichenni/projects/astra-sim/res_megatron.json --num_npus 8 --npu_frequency 1000000000
>>>>>>> add visualization script
=======
DEBUG [05/24/2024 06:09:45 PM] /data1/lichenni/software/anaconda3/envs/astra-sim/bin/chakra_converter --input_type Text --input_filename /data1/lichenni/projects/astra-sim/inputs/workload/ASTRA-sim-1.0/DLRM_HybridParallel.txt --output_filename /data1/lichenni/projects/astra-sim/inputs/workload/test/DLRM_HybridParallel --num_npus 8 --num_passes 1 --num_dims 1 --num_concurrency 2
>>>>>>> merge traces for enabling multiple jobs
=======
DEBUG [05/21/2024 01:04:45 AM] /data1/lichenni/software/anaconda3/envs/astra-sim/bin/chakra_converter --input_type Text --input_filename /data1/lichenni/projects/astra-sim/inputs/workload/ASTRA-sim-1.0/Resnet50_DataParallel.txt --output_filename /data1/lichenni/projects/astra-sim/inputs/workload/trace/Resnet50_DataParallel --num_npus 8 --num_passes 1 --num_dims 1
>>>>>>> fix bug
=======
DEBUG [05/21/2024 03:33:45 PM] /data1/lichenni/software/anaconda3/envs/astra-sim/bin/chakra_converter --input_type Text --input_filename /data1/lichenni/projects/astra-sim/inputs/workload/ASTRA-sim-1.0/DLRM_HybridParallel.txt --output_filename /data1/lichenni/projects/astra-sim/inputs/workload/trace/DLRM_HybridParallel_p2 --num_npus 8 --num_passes 2 --num_dims 1
>>>>>>> For now, it lacks the functions to parse transformer texts. Additionally, it requires traces from the real run, which are then parsed via the PyTorch converter.
